<?xml version="1.0" encoding="UTF-8"?>
<testng-results ignored="1" total="2" passed="1" failed="0" skipped="0">
  <reporter-output>
    <line>
      <![CDATA[El usuario que ingresaste es Admin]]>
    </line>
    <line>
      <![CDATA[El password que ingresaste es admin123]]>
    </line>
  </reporter-output>
  <suite started-at="2022-03-19T00:07:53 MST" name="Default suite" finished-at="2022-03-19T00:07:58 MST" duration-ms="4457">
    <groups>
    </groups>
    <test started-at="2022-03-19T00:07:53 MST" name="Default test" finished-at="2022-03-19T00:07:58 MST" duration-ms="4457">
      <class name="selenium.PrimerScript">
        <test-method signature="tercerScriptSelenium()[pri:0, instance:selenium.PrimerScript@5276e6b0]" started-at="2022-03-19T00:07:53 MST" name="tercerScriptSelenium" finished-at="2022-03-19T00:07:58 MST" duration-ms="4436" status="PASS">
          <reporter-output>
            <line>
              <![CDATA[El usuario que ingresaste es Admin]]>
            </line>
            <line>
              <![CDATA[El password que ingresaste es admin123]]>
            </line>
          </reporter-output>
        </test-method> <!-- tercerScriptSelenium -->
      </class> <!-- selenium.PrimerScript -->
    </test> <!-- Default test -->
  </suite> <!-- Default suite -->
</testng-results>
